[lmthang@rescomp-13-276625:~/bivec ] $ ./demo-bivec.sh 
rm -rf bivec word2phrase distance word-analogy compute-accuracy runCLDC
gcc bivec.c -o bivec -lm -pthread -march=native -Wall -funroll-loops -Ofast -Wno-unused-result 
gcc word2phrase.c -o word2phrase -lm -pthread -march=native -Wall -funroll-loops -Ofast -Wno-unused-result 
gcc distance.c -o distance -lm -pthread -march=native -Wall -funroll-loops -Ofast -Wno-unused-result 
gcc word-analogy.c -o word-analogy -lm -pthread -march=native -Wall -funroll-loops -Ofast -Wno-unused-result 
gcc compute-accuracy.c -o compute-accuracy -lm -pthread -march=native -Wall -funroll-loops -Ofast -Wno-unused-result 
chmod +x *.sh
gcc runCLDC.c -o runCLDC -lm -pthread -march=native -Wall -funroll-loops -Ofast -Wno-unused-result 
time ./bivec -src-train data/data.10k.de -src-lang de -tgt-train data/data.10k.en -tgt-lang en -align data/data.10k.align -output vectors.bin -cbow 0 -size 200 -window 5 -negative 0 -hs 1 -sample 1e-3 -threads 1 -binary 0 -eval 0
Starting training using src-file data/data.10k.de and tgt-file data/data.10k.en
# Learn vocab from data/data.10k.de
  Vocab size: 4302
  Words in train file: 250885
# Init hierarchical softmax syn1: 4302 x 200
# ComputeBlockStartPoints data/data.10k.de, num_blocks=1
  num_lines=10000
  block_size=10000
  blocks = [0 1713304]
# Learn vocab from data/data.10k.en
  Vocab size: 3640
  Words in train file: 280223
# Init hierarchical softmax syn1: 3640 x 200
# ComputeBlockStartPoints data/data.10k.en, num_blocks=1
  num_lines=10000
  block_size=10000
  blocks = [0 1547332]
# ComputeBlockStartPoints data/data.10k.align, num_blocks=1
  num_lines=10000
  block_size=10000
  blocks = [0 1189291]
# Start iter 0, num_threads=1
Alpha: 0.001047  Progress: 99.80%  Words/thread/sec: 48.33k  
# eval 0 de wordSim de 14.03

# eval 0 en wordSim wordsim353 13.03 MC -10.82 RG -7.53 scws_nodup 6.87 morphoWordSim_new 15.40

syn0: min=-0.976687, max=0.793445, avg=0.001970
syn1: min=-2.713573, max=2.852316, avg=0.000022
syn0: min=-0.934965, max=0.972467, avg=0.002341
syn1: min=-2.818909, max=2.695613, avg=0.000109

real  0m22.660s
user  0m21.843s
sys 0m0.826s
