[lmthang@john0:~/text2vec ] $ ./demo-bi.sh 
rm -rf text2vec word2phrase distance word-analogy compute-accuracy runCLDC
gcc text2vec.c -o text2vec -lm -pthread -march=native -Wall -funroll-loops -Ofast -Wno-unused-result
gcc word2phrase.c -o word2phrase -lm -pthread -march=native -Wall -funroll-loops -Ofast -Wno-unused-result
gcc distance.c -o distance -lm -pthread -march=native -Wall -funroll-loops -Ofast -Wno-unused-result
gcc word-analogy.c -o word-analogy -lm -pthread -march=native -Wall -funroll-loops -Ofast -Wno-unused-result
gcc compute-accuracy.c -o compute-accuracy -lm -pthread -march=native -Wall -funroll-loops -Ofast -Wno-unused-result
chmod +x *.sh
gcc runCLDC.c -o runCLDC -lm -pthread -march=native -Wall -funroll-loops -Ofast -Wno-unused-result
time ./text2vec -src-train data/data.10k.de -src-lang de -tgt-train data/data.10k.en -tgt-lang en -align data/data.10k.align -output vectors.bin -cbow 0 -size 200 -window 5 -negative 0 -hs 1 -sample 1e-2 -threads 1 -binary 0 -eval 1 -iter 3
Starting training using src-file data/data.10k.de and tgt-file data/data.10k.en
# Vocab file data/data.10k.de.vocab.min5 doesn't exists. Deriving ...
# Learn vocab from data/data.10k.de
  Vocab size: 4302
  Words in train file: 250885
# ComputeBlockStartPoints data/data.10k.de, num_blocks=1
  num_lines=10000, eof position 1713304
  block_size=10000 lines
  blocks = [0 1713304]
# Vocab file data/data.10k.en.vocab.min5 doesn't exists. Deriving ...
# Learn vocab from data/data.10k.en
  Vocab size: 3640
  Words in train file: 280223
# ComputeBlockStartPoints data/data.10k.en, num_blocks=1
  num_lines=10000, eof position 1547332
  block_size=10000 lines
  blocks = [0 1547332]
# ComputeBlockStartPoints data/data.10k.align, num_blocks=1
  num_lines=10000, eof position 1189291
  block_size=10000 lines
  blocks = [0 1189291]
# Start iter 0, alpha=0.025000, Fri Oct 17 02:16:09 PDT 2014
Alpha: 0.017016  Progress: 99.80%  Words/thread/sec: 43.77k  
# Done iter 0, alpha=0.016683, Fri Oct 17 02:16:15 PDT 2014
# Saving vectors to /juice/scr4/scr/lmthang/text2vec/vectors.bin.de and /juice/scr4/scr/lmthang/text2vec/vectors.bin.de.outvec ... done, Fri Oct 17 02:16:16 PDT 2014

# eval 0, Fri Oct 17 02:16:16 PDT 2014
# eval 0 de wordSim de 14.01
eval wordsim 14.01
# Saving vectors to /juice/scr4/scr/lmthang/text2vec/vectors.bin.en and /juice/scr4/scr/lmthang/text2vec/vectors.bin.en.outvec ... done, Fri Oct 17 02:16:22 PDT 2014
# eval 0 en wordSim ws353 14.91 MC -11.05 RG -9.04 scws 8.19 rare 14.18
eval wordsim 14.91 -11.05 -9.04 8.19 14.18
# eval 0 en analogy sem 8.16 syn 0.46 all 0.70
eval analogy 8.16 0.46 0.70
# eval 0 de2en cldc 43.39
# eval 0 en2de cldc 25.09
# Start iter 1, alpha=0.016683, Fri Oct 17 02:16:56 PDT 2014
Alpha: 0.008682  Progress: 99.80%  Words/thread/sec: 43.85k  
# Done iter 1, alpha=0.008350, Fri Oct 17 02:17:02 PDT 2014
# Saving vectors to /juice/scr4/scr/lmthang/text2vec/vectors.bin.de and /juice/scr4/scr/lmthang/text2vec/vectors.bin.de.outvec ... done, Fri Oct 17 02:17:03 PDT 2014

# eval 1, Fri Oct 17 02:17:03 PDT 2014
# eval 1 de wordSim de 13.39
eval wordsim 13.39
# Saving vectors to /juice/scr4/scr/lmthang/text2vec/vectors.bin.en and /juice/scr4/scr/lmthang/text2vec/vectors.bin.en.outvec ... done, Fri Oct 17 02:17:09 PDT 2014
# eval 1 en wordSim ws353 17.03 MC -10.95 RG -7.59 scws 10.42 rare 15.35
eval wordsim 17.03 -10.95 -7.59 10.42 15.35
# eval 1 en analogy sem 4.08 syn 0.72 all 0.82
eval analogy 4.08 0.72 0.82
# eval 1 de2en cldc 46.08
# eval 1 en2de cldc 38.10
# Start iter 2, alpha=0.008350, Fri Oct 17 02:17:44 PDT 2014
Alpha: 0.000349  Progress: 99.80%  Words/thread/sec: 43.93k  
# Done iter 2, alpha=0.000017, Fri Oct 17 02:17:49 PDT 2014
# Saving vectors to /juice/scr4/scr/lmthang/text2vec/vectors.bin.de and /juice/scr4/scr/lmthang/text2vec/vectors.bin.de.outvec ... done, Fri Oct 17 02:17:50 PDT 2014

# eval 2, Fri Oct 17 02:17:50 PDT 2014
# eval 2 de wordSim de 16.73
eval wordsim 16.73
# Saving vectors to /juice/scr4/scr/lmthang/text2vec/vectors.bin.en and /juice/scr4/scr/lmthang/text2vec/vectors.bin.en.outvec ... done, Fri Oct 17 02:17:56 PDT 2014
# eval 2 en wordSim ws353 21.43 MC -11.26 RG -5.26 scws 11.28 rare 15.43
eval wordsim 21.43 -11.26 -5.26 11.28 15.43
# eval 2 en analogy sem 4.08 syn 0.85 all 0.95
eval analogy 4.08 0.85 0.95
# eval 2 de2en cldc 48.81
# eval 2 en2de cldc 41.62

syn0: min=-1.203624, max=1.003220, avg=0.003918
syn1: min=-4.582774, max=4.356991, avg=0.000352
syn0: min=-1.324570, max=1.027069, avg=0.003348
syn1: min=-4.461102, max=4.196634, avg=0.000180

real  2m21.975s
user  2m58.076s
sys 0m21.628s
